  ringList_main.cpp
e:\polynom\polynom\polynom.cpp(9): warning C4267: 'initializing': conversion from 'size_t' to 'int', possible loss of data
e:\polynom\ringlist\ringlist_main.cpp(12): warning C4244: '=': conversion from 'int' to 'float', possible loss of data
e:\polynom\ringlist\ringlist_main.cpp(13): warning C4244: '=': conversion from 'int' to 'float', possible loss of data
e:\polynom\ringlist\ringlist_main.cpp(21): warning C4244: 'argument': conversion from 'time_t' to 'unsigned int', possible loss of data
e:\polynom\ringlist\rlist.cpp(28): warning C4101: 'e': unreferenced local variable
  e:\polynom\ringlist\rlist.cpp(21): note: while compiling class template member function 'void rlist<Polynom>::push(const Type &)'
          with
          [
              Type=Polynom
          ]
  e:\polynom\ringlist\ringlist_main.cpp(26): note: see reference to function template instantiation 'void rlist<Polynom>::push(const Type &)' being compiled
          with
          [
              Type=Polynom
          ]
  e:\polynom\ringlist\ringlist_main.cpp(22): note: see reference to class template instantiation 'rlist<Polynom>' being compiled
e:\polynom\ringlist\rlist.cpp(40): warning C4101: 'e': unreferenced local variable
  rlist.cpp
  Generating Code...
  RingList.vcxproj -> E:\Polynom\Polynom\x64\Debug\RingList.exe
