e:\polynom\x64\debug\vc141.pdb
e:\polynom\x64\debug\vc141.idb
e:\polynom\x64\debug\rlist.obj
e:\polynom\x64\debug\polynom.obj
e:\polynom\x64\debug\main.obj
e:\polynom\polynom\x64\debug\vc141.pdb
e:\polynom\polynom\x64\debug\vc141.idb
e:\polynom\polynom\x64\debug\polynom.obj
e:\polynom\polynom\x64\debug\main.obj
e:\polynom\x64\debug\polynom.exe
e:\polynom\x64\debug\polynom.ilk
e:\polynom\x64\debug\polynom.pdb
e:\polynom\polynom\x64\debug\polynom.exe
e:\polynom\polynom\x64\debug\polynom.ilk
e:\polynom\polynom\x64\debug\polynom.pdb
e:\polynom\polynom\x64\debug\rlist.obj
e:\polynom\polynom\x64\debug\ringlist.ilk
e:\polynom\polynom\x64\debug\ringlist.pdb
e:\polynom\polynom\x64\debug\polynom.tlog\cl.command.1.tlog
e:\polynom\polynom\x64\debug\polynom.tlog\cl.read.1.tlog
e:\polynom\polynom\x64\debug\polynom.tlog\cl.write.1.tlog
e:\polynom\polynom\x64\debug\polynom.tlog\link.command.1.tlog
e:\polynom\polynom\x64\debug\polynom.tlog\link.read.1.tlog
e:\polynom\polynom\x64\debug\polynom.tlog\link.write.1.tlog
